Determining if the pthread_create exist failed with the following output:
Change Dir: /mnt/d/Francisco/xampp/htdocs/Webassembly/@BuildChuckNorris2/build/default/CMakeFiles/CMakeTmp

Run Build Command:"/usr/bin/ninja" "cmTC_394a1"
[1/2] Building C object CMakeFiles/cmTC_394a1.dir/CheckSymbolExists.c.o
[2/2] Linking C executable cmTC_394a1
FAILED: cmTC_394a1 
: && /usr/bin/cc    CMakeFiles/cmTC_394a1.dir/CheckSymbolExists.c.o  -o cmTC_394a1   && :
CMakeFiles/cmTC_394a1.dir/CheckSymbolExists.c.o: In function `main':
CheckSymbolExists.c:(.text+0x1b): undefined reference to `pthread_create'
collect2: error: ld returned 1 exit status
ninja: build stopped: subcommand failed.

File /mnt/d/Francisco/xampp/htdocs/Webassembly/@BuildChuckNorris2/build/default/CMakeFiles/CMakeTmp/CheckSymbolExists.c:
/* */
#include <pthread.h>

int main(int argc, char** argv)
{
  (void)argv;
#ifndef pthread_create
  return ((int*)(&pthread_create))[argc];
#else
  (void)argc;
  return 0;
#endif
}

Determining if the function pthread_create exists in the pthreads failed with the following output:
Change Dir: /mnt/d/Francisco/xampp/htdocs/Webassembly/@BuildChuckNorris2/build/default/CMakeFiles/CMakeTmp

Run Build Command:"/usr/bin/ninja" "cmTC_e4063"
[1/2] Building C object CMakeFiles/cmTC_e4063.dir/CheckFunctionExists.c.o
[2/2] Linking C executable cmTC_e4063
FAILED: cmTC_e4063 
: && /usr/bin/cc -DCHECK_FUNCTION_EXISTS=pthread_create   CMakeFiles/cmTC_e4063.dir/CheckFunctionExists.c.o  -o cmTC_e4063  -lpthreads && :
/usr/bin/ld: cannot find -lpthreads
collect2: error: ld returned 1 exit status
ninja: build stopped: subcommand failed.


